2023-04-24 17:15 - INFO - cli : 40 - Summarizing job ... 

       Input files:
              probing: data/Manfredonia_2020/XML/invivo.shape
              fasta: data/Manfredonia_2020/XML/invivo.fa
              model: ./refweeks/trained_model.json

       Configuration parameters:
              log: False
              training: False
              scoring: True
              k: auto
              DOM: True
              hairpins: True
              motif: ({4,15}.{3,10}){4,15}
              posteriors: True
              HDSL: True
              SPP: True

       Using 2 parallel processes

2023-04-24 17:15 - DEBUG - cli : 41 - Summarizing configuration:
=========================================================
Running patteRNA with the following parameters:
=========================================================
Input files:
	probing: data/Manfredonia_2020/XML/invivo.shape
	fasta: data/Manfredonia_2020/XML/invivo.fa
	model: ./refweeks/trained_model.json

Configuration parameters:
	output: ./invivoweeks
	verbose: True
	log: False
	no_vienna: False
	GMM: False
	k: -1
	KL_div: 0.001
	epsilon: 0.01
	maxiter: 250
	n_tasks: 2
	motif: ({4,15}.{3,10}){4,15}
	path: None
	hairpins: True
	posteriors: True
	viterbi: False
	HDSL: True
	SPP: True
	nan: False
	print_nan: False
	no_prompt: False
	min_cscores: 1000
	no_cscores: False
	batch_size: 100
	context: 40
	training: False
	scoring: True
	reference: False
	hdsl_params: (1.2, 0.5)
=========================================================
2023-04-24 17:15 - INFO - cli : 50 - Loading input data
2023-04-24 17:15 - INFO - cli : 66 -  ... done in 00:00:00
2023-04-24 17:15 - INFO - cli : 131 - Using trained DOM-HMM model at ./refweeks/trained_model.json
2023-04-24 17:15 - INFO - cli : 137 - Initiating scoring phase
2023-04-24 17:15 - INFO - cli : 140 - Scoring set summary: 
       Passed QC                  1
       Used transcripts           1
       # Data points              29607
       # Motifs                   96
2023-04-24 17:15 - INFO - ScoringManager : 77 - Sampling null sites for c-score normalization
2023-04-24 17:16 - INFO - ScoringManager : 112 -  ... done in 00:01:05
2023-04-24 17:16 - INFO - ScoringManager : 124 - Executing scoring
2023-04-24 17:16 - INFO - ScoringManager : 176 -  ... done in 00:00:02
2023-04-24 17:16 - INFO - cli : 153 - Scoring phase done in 00:01:08
2023-04-24 17:16 - INFO - cli : 155 - Process done in 00:01:08
2023-04-24 17:16 - INFO - cli : 156 - Output written to  -> ./invivoweeks
