2023-03-22 12:49 - INFO - cli : 40 - Summarizing job ... 

       Input files:
              probing: data/Manfredonia_2020/XML/invivo.shape
              fasta: data/Manfredonia_2020/XML/invivo.fa

       Configuration parameters:
              log: False
              training: True
              scoring: False
              k: 10
              DOM: True

       Using 2 parallel processes

2023-03-22 12:49 - DEBUG - cli : 41 - Summarizing configuration:
=========================================================
Running patteRNA with the following parameters:
=========================================================
Input files:
	probing: data/Manfredonia_2020/XML/invivo.shape
	fasta: data/Manfredonia_2020/XML/invivo.fa

Configuration parameters:
	output: diffbins/10
	verbose: True
	log: False
	no_vienna: False
	GMM: False
	k: 10
	KL_div: 0.001
	epsilon: 0.01
	maxiter: 250
	n_tasks: 2
	motif: None
	path: None
	hairpins: False
	posteriors: False
	viterbi: False
	HDSL: False
	SPP: False
	nan: False
	print_nan: False
	no_prompt: False
	min_cscores: 1000
	no_cscores: False
	batch_size: 100
	context: 40
	training: True
	scoring: False
	reference: False
	hdsl_params: (1.2, 0.5)
=========================================================
2023-03-22 12:49 - INFO - cli : 50 - Loading input data
2023-03-22 12:49 - INFO - cli : 66 -  ... done in 00:00:00
2023-03-22 12:49 - INFO - cli : 104 - Spawning training set
2023-03-22 12:49 - INFO - Dataset : 102 -  ... sorting
2023-03-22 12:49 - INFO - Dataset : 105 -  ... selecting
2023-03-22 12:49 - INFO - cli : 107 -  ... done in 00:00:00
2023-03-22 12:49 - INFO - cli : 109 - Training set summary: 
       Passed QC                  1
       Used transcripts           1
       # Data points (in DOM)     29607
       KL div                     0
2023-03-22 12:49 - INFO - TrainingManager : 104 - Training with k=15
2023-03-22 12:49 - DEBUG - TrainingManager : 113 - (k=15) EM iteration #1
2023-03-22 12:49 - DEBUG - TrainingManager : 133 - Current model parameters
pi:
[0.5 0.5]
A:
[[0.72 0.28]
 [0.28 0.72]]
chi:
[[0.1211331  0.01946299 0.01984681 0.02168505 0.02255777 0.02484639
  0.02740516 0.02746208 0.03005245 0.03134083 0.03268948 0.03559135
  0.03625621 0.03813431 0.04010202 0.04133009 0.33010392 0.1       ]
 [0.32878737 0.04381499 0.03820541 0.03813114 0.03622614 0.0347296
  0.03436084 0.03150862 0.02983214 0.02836263 0.02634675 0.02569597
  0.02302635 0.02175765 0.02021711 0.0189294  0.12006789 0.1       ]]

2023-03-22 12:49 - DEBUG - TrainingManager : 134 - 0: logL = -87199.9
2023-03-22 12:49 - DEBUG - TrainingManager : 113 - (k=15) EM iteration #2
2023-03-22 12:49 - DEBUG - TrainingManager : 133 - Current model parameters
pi:
[0.5 0.5]
A:
[[0.75 0.25]
 [0.25 0.75]]
chi:
[[0.08769267 0.01584583 0.01747332 0.01915366 0.02005047 0.02323209
  0.02619571 0.02639103 0.03020278 0.03164866 0.03362512 0.03704451
  0.03843878 0.04062852 0.04312941 0.04430989 0.36493754 0.1       ]
 [0.36185467 0.04738943 0.04054789 0.04063338 0.03870784 0.03632607
  0.03555749 0.03257097 0.02968259 0.02805956 0.02542221 0.02426011
  0.02086772 0.01929237 0.01722486 0.01598771 0.08561511 0.1       ]]

2023-03-22 12:49 - DEBUG - TrainingManager : 134 - 1: logL = -73711.3
2023-03-22 12:49 - DEBUG - TrainingManager : 113 - (k=15) EM iteration #3
2023-03-22 12:49 - DEBUG - TrainingManager : 133 - Current model parameters
pi:
[0.5 0.5]
A:
[[0.79 0.21]
 [0.21 0.79]]
chi:
[[0.05673103 0.01215621 0.01505919 0.01645551 0.01730072 0.02141988
  0.02483571 0.02515006 0.03038818 0.03197318 0.03468736 0.03865568
  0.04087651 0.04333869 0.04634314 0.047378   0.39725095 0.1       ]
 [0.39177898 0.05095856 0.04287643 0.04324782 0.04138125 0.03808576
  0.03687936 0.03378369 0.0295003  0.0277479  0.02439223 0.02269881
  0.01850053 0.01666563 0.01411172 0.01302559 0.05436545 0.1       ]]

2023-03-22 12:49 - DEBUG - TrainingManager : 134 - 2: logL = -72963.8
2023-03-22 12:49 - DEBUG - TrainingManager : 113 - (k=15) EM iteration #4
2023-03-22 12:49 - DEBUG - TrainingManager : 133 - Current model parameters
pi:
[0.5 0.5]
A:
[[0.82 0.18]
 [0.17 0.83]]
chi:
[[0.03579303 0.00937079 0.01332172 0.01434196 0.01506303 0.01992422
  0.02372653 0.02407378 0.03055005 0.0321831  0.0355612  0.03992521
  0.04288576 0.04549152 0.04886301 0.04966657 0.41925852 0.1       ]
 [0.41120074 0.05356263 0.04448803 0.04523311 0.04349827 0.03949874
  0.03792834 0.03481233 0.02934414 0.02755623 0.02356866 0.02150584
  0.0166023  0.01464126 0.01174578 0.01089475 0.03391884 0.1       ]]

2023-03-22 12:49 - DEBUG - TrainingManager : 134 - 3: logL = -72162.2
2023-03-22 12:49 - DEBUG - TrainingManager : 113 - (k=15) EM iteration #5
2023-03-22 12:49 - DEBUG - TrainingManager : 133 - Current model parameters
pi:
[0.5 0.5]
A:
[[0.84 0.16]
 [0.15 0.85]]
chi:
[[0.02491038 0.007848   0.0125388  0.01319604 0.01378285 0.01908911
  0.02312695 0.0234304  0.03064136 0.0322171  0.03602471 0.04053869
  0.04401698 0.04664065 0.05025503 0.05081784 0.4309251  0.1       ]
 [0.42068686 0.05491568 0.04515768 0.04625858 0.0446626  0.04025512
  0.03847094 0.03540843 0.02925857 0.02753723 0.02315231 0.02096264
  0.01557701 0.01361252 0.01049882 0.00988832 0.0236967  0.1       ]]

2023-03-22 12:49 - DEBUG - TrainingManager : 134 - 4: logL = -71681.4
2023-03-22 12:49 - DEBUG - TrainingManager : 113 - (k=15) EM iteration #6
2023-03-22 12:49 - DEBUG - TrainingManager : 133 - Current model parameters
pi:
[0.5 0.5]
A:
[[0.85 0.15]
 [0.15 0.85]]
chi:
[[0.01962029 0.0071667  0.01235303 0.01272661 0.01321061 0.01874669
  0.02289362 0.02313915 0.03067377 0.03215036 0.03617498 0.04068829
  0.0444817  0.04706888 0.0508513  0.05122227 0.43683175 0.1       ]
 [0.42485159 0.05546174 0.04525745 0.04663326 0.04514272 0.04053576
  0.03865988 0.03566208 0.02923046 0.0276138  0.02303806 0.02086568
  0.01519544 0.01327785 0.01001735 0.00959641 0.01896047 0.1       ]]

2023-03-22 12:49 - DEBUG - TrainingManager : 134 - 5: logL = -71521.6
2023-03-22 12:49 - DEBUG - TrainingManager : 113 - (k=15) EM iteration #7
2023-03-22 12:49 - DEBUG - TrainingManager : 133 - Current model parameters
pi:
[0.5 0.5]
A:
[[0.85 0.15]
 [0.15 0.85]]
chi:
[[0.01674749 0.00686716 0.01237328 0.01254919 0.01296423 0.01861613
  0.02280801 0.02301208 0.03067469 0.03206044 0.03618491 0.04065655
  0.04463883 0.04718573 0.0510866  0.05132609 0.44024859 0.1       ]
 [0.42677159 0.05564906 0.04516774 0.04673292 0.04531341 0.04061582
  0.03870924 0.03575852 0.02923264 0.02771057 0.02305643 0.02093865
  0.0151056  0.01323663 0.00987637 0.0095845  0.01654032 0.1       ]]

2023-03-22 12:49 - DEBUG - TrainingManager : 134 - 6: logL = -71482.9
2023-03-22 12:49 - DEBUG - TrainingManager : 113 - (k=15) EM iteration #8
2023-03-22 12:49 - DEBUG - TrainingManager : 133 - Current model parameters
pi:
[0.5 0.5]
A:
[[0.85 0.15]
 [0.15 0.85]]
chi:
[[0.01490276 0.00671174 0.01241646 0.01246318 0.01283363 0.0185478
  0.02276004 0.02293956 0.03066125 0.03197783 0.03615075 0.04058686
  0.04468923 0.04720892 0.05119443 0.05135132 0.44260423 0.1       ]
 [0.42776507 0.05570545 0.04506315 0.04675033 0.04537737 0.04063955
  0.03872502 0.03580404 0.02924838 0.02779864 0.02311458 0.02104374
  0.01511362 0.01327938 0.00985138 0.00964024 0.01508006 0.1       ]]

2023-03-22 12:49 - DEBUG - TrainingManager : 134 - 7: logL = -71471.6
2023-03-22 12:49 - DEBUG - TrainingManager : 113 - (k=15) EM iteration #9
2023-03-22 12:49 - DEBUG - TrainingManager : 133 - Current model parameters
pi:
[0.5 0.5]
A:
[[0.85 0.15]
 [0.15 0.85]]
chi:
[[0.01354797 0.00660629 0.01243068 0.01239623 0.01273803 0.0184899
  0.02271478 0.02287986 0.03064167 0.03190805 0.03610892 0.04052542
  0.0447108  0.0472172  0.05126522 0.05137309 0.44444591 0.1       ]
 [0.42834233 0.05572076 0.04499211 0.04675446 0.04541211 0.04065642
  0.03874049 0.03583885 0.02926969 0.02787308 0.02317771 0.02113716
  0.01514486 0.01333104 0.00985596 0.00969261 0.01406037 0.1       ]]

2023-03-22 12:49 - DEBUG - TrainingManager : 134 - 8: logL = -71466.1
2023-03-22 12:49 - INFO - TrainingManager : 151 -  >> Log-likelihood of converged model with k=15: -7.147e+04
2023-03-22 12:49 - INFO - cli : 125 - Training phase done in 00:00:06
2023-03-22 12:49 - INFO - cli : 155 - Process done in 00:00:06
2023-03-22 12:49 - INFO - cli : 156 - Output written to  -> diffbins/10
