2023-03-22 12:17 - INFO - cli : 40 - Summarizing job ... 

       Input files:
              probing: data/Manfredonia_2020/XML/invivo.shape
              fasta: data/Manfredonia_2020/XML/invivo.fa

       Configuration parameters:
              log: False
              training: True
              scoring: False
              k: 5
              DOM: True

       Using 2 parallel processes

2023-03-22 12:17 - DEBUG - cli : 41 - Summarizing configuration:
=========================================================
Running patteRNA with the following parameters:
=========================================================
Input files:
	probing: data/Manfredonia_2020/XML/invivo.shape
	fasta: data/Manfredonia_2020/XML/invivo.fa

Configuration parameters:
	output: diffbins/5
	verbose: True
	log: False
	no_vienna: False
	GMM: False
	k: 5
	KL_div: 0.001
	epsilon: 0.01
	maxiter: 250
	n_tasks: 2
	motif: None
	path: None
	hairpins: False
	posteriors: False
	viterbi: False
	HDSL: False
	SPP: False
	nan: False
	print_nan: False
	no_prompt: False
	min_cscores: 1000
	no_cscores: False
	batch_size: 100
	context: 40
	training: True
	scoring: False
	reference: False
	hdsl_params: (1.2, 0.5)
=========================================================
2023-03-22 12:17 - INFO - cli : 50 - Loading input data
2023-03-22 12:17 - INFO - cli : 66 -  ... done in 00:00:00
2023-03-22 12:17 - INFO - cli : 104 - Spawning training set
2023-03-22 12:17 - INFO - Dataset : 102 -  ... sorting
2023-03-22 12:17 - INFO - Dataset : 105 -  ... selecting
2023-03-22 12:17 - INFO - cli : 107 -  ... done in 00:00:00
2023-03-22 12:17 - INFO - cli : 109 - Training set summary: 
       Passed QC                  1
       Used transcripts           1
       # Data points (in DOM)     29607
       KL div                     0
2023-03-22 12:17 - INFO - TrainingManager : 104 - Training with k=10
2023-03-22 12:17 - DEBUG - TrainingManager : 113 - (k=10) EM iteration #1
2023-03-22 12:17 - DEBUG - TrainingManager : 133 - Current model parameters
pi:
[0.5 0.5]
A:
[[0.72 0.28]
 [0.28 0.72]]
chi:
[[0.12128233 0.02869349 0.03307403 0.03485128 0.04030999 0.04248218
  0.04634578 0.0506135  0.05354692 0.05792353 0.06092975 0.32994723
  0.1       ]
 [0.32865741 0.06096951 0.05841538 0.0536007  0.05136701 0.04688698
  0.04284387 0.03979473 0.03564796 0.0323077  0.02930367 0.12020509
  0.1       ]]

2023-03-22 12:17 - DEBUG - TrainingManager : 134 - 0: logL = -76893.9
2023-03-22 12:17 - DEBUG - TrainingManager : 113 - (k=10) EM iteration #2
2023-03-22 12:17 - DEBUG - TrainingManager : 133 - Current model parameters
pi:
[0.5 0.5]
A:
[[0.75 0.25]
 [0.25 0.75]]
chi:
[[0.08796988 0.02385771 0.02932308 0.03135813 0.03850307 0.041346
  0.04686349 0.05233299 0.0564167  0.06207163 0.06530962 0.3646477
  0.1       ]
 [0.36160588 0.06574976 0.06212288 0.0570594  0.05315442 0.04801405
  0.04233216 0.03809417 0.03280958 0.02820466 0.02497705 0.08587598
  0.1       ]]

2023-03-22 12:17 - DEBUG - TrainingManager : 134 - 1: logL = -67724.2
2023-03-22 12:17 - DEBUG - TrainingManager : 113 - (k=10) EM iteration #3
2023-03-22 12:17 - DEBUG - TrainingManager : 133 - Current model parameters
pi:
[0.5 0.5]
A:
[[0.79 0.21]
 [0.21 0.79]]
chi:
[[0.05701183 0.01887769 0.02534959 0.02747306 0.03647912 0.04004736
  0.04743315 0.05429662 0.05963393 0.066587   0.0698906  0.39692006
  0.1       ]
 [0.39155639 0.07057345 0.06597333 0.06084143 0.05512127 0.04928345
  0.04177967 0.03618601 0.02968398 0.02381988 0.02054474 0.0546364
  0.1       ]]

2023-03-22 12:17 - DEBUG - TrainingManager : 134 - 2: logL = -66983.9
2023-03-22 12:17 - DEBUG - TrainingManager : 113 - (k=10) EM iteration #4
2023-03-22 12:17 - DEBUG - TrainingManager : 133 - Current model parameters
pi:
[0.5 0.5]
A:
[[0.82 0.18]
 [0.17 0.83]]
chi:
[[0.03596584 0.01509753 0.02227917 0.02426162 0.03483113 0.03894839
  0.0478504  0.05593604 0.06226851 0.07021964 0.07338236 0.41895937
  0.1       ]
 [0.41114523 0.07412034 0.0688589  0.06389044 0.05668076 0.05033423
  0.04138799 0.03463316 0.02719138 0.02038799 0.01727386 0.03409571
  0.1       ]]

2023-03-22 12:17 - DEBUG - TrainingManager : 134 - 3: logL = -66183.9
2023-03-22 12:17 - DEBUG - TrainingManager : 113 - (k=10) EM iteration #5
2023-03-22 12:17 - DEBUG - TrainingManager : 133 - Current model parameters
pi:
[0.5 0.5]
A:
[[0.84 0.16]
 [0.15 0.85]]
chi:
[[0.02499028 0.01306254 0.0206764  0.02241439 0.03394686 0.03832393
  0.04799824 0.05683592 0.06369457 0.0722446  0.07518863 0.43062363
  0.1       ]
 [0.42079781 0.07594068 0.07029235 0.06558339 0.05748281 0.05091238
  0.04126207 0.03381424 0.02589746 0.01855074 0.01566893 0.02379715
  0.1       ]]

2023-03-22 12:17 - DEBUG - TrainingManager : 134 - 4: logL = -65698.6
2023-03-22 12:17 - DEBUG - TrainingManager : 113 - (k=10) EM iteration #6
2023-03-22 12:17 - DEBUG - TrainingManager : 133 - Current model parameters
pi:
[0.5 0.5]
A:
[[0.85 0.15]
 [0.15 0.85]]
chi:
[[0.01965893 0.01220596 0.02008322 0.02160301 0.03361263 0.0380682
  0.04797158 0.05716044 0.06421266 0.07308967 0.07585114 0.43648257
  0.1       ]
 [0.42507301 0.07662923 0.07075507 0.06627366 0.05775378 0.0511323
  0.04130368 0.03355152 0.02548046 0.01785208 0.01516166 0.01903353
  0.1       ]]

2023-03-22 12:17 - DEBUG - TrainingManager : 134 - 5: logL = -65535.9
2023-03-22 12:17 - DEBUG - TrainingManager : 113 - (k=10) EM iteration #7
2023-03-22 12:17 - DEBUG - TrainingManager : 133 - Current model parameters
pi:
[0.5 0.5]
A:
[[0.85 0.15]
 [0.15 0.85]]
chi:
[[0.0167732  0.01187134 0.0199059  0.02126959 0.03349658 0.03797108
  0.04788815 0.05722323 0.06433065 0.07339589 0.07603668 0.4398377
  0.1       ]
 [0.42706422 0.07682539 0.07082602 0.06650806 0.05781823 0.05120048
  0.04139794 0.0335377  0.02544324 0.01766516 0.01510271 0.01661085
  0.1       ]]

2023-03-22 12:17 - DEBUG - TrainingManager : 134 - 6: logL = -65496.7
2023-03-22 12:17 - DEBUG - TrainingManager : 113 - (k=10) EM iteration #8
2023-03-22 12:17 - DEBUG - TrainingManager : 133 - Current model parameters
pi:
[0.5 0.5]
A:
[[0.85 0.15]
 [0.15 0.85]]
chi:
[[0.01492618 0.01171673 0.01984017 0.0211023  0.03343159 0.03791684
  0.04780099 0.05720104 0.06432656 0.07351575 0.0760872  0.44213464
  0.1       ]
 [0.42810797 0.07685741 0.07079749 0.06658799 0.05783708 0.05122899
  0.04149394 0.03360198 0.02551752 0.01765006 0.01516405 0.01515551
  0.1       ]]

2023-03-22 12:17 - DEBUG - TrainingManager : 134 - 7: logL = -65485.4
2023-03-22 12:17 - DEBUG - TrainingManager : 113 - (k=10) EM iteration #9
2023-03-22 12:17 - DEBUG - TrainingManager : 133 - Current model parameters
pi:
[0.5 0.5]
A:
[[0.85 0.15]
 [0.15 0.85]]
chi:
[[0.01357249 0.01161133 0.01978174 0.02098177 0.03336599 0.0378655
  0.04772411 0.05716077 0.06430243 0.0735854  0.07612275 0.44392572
  0.1       ]
 [0.42872356 0.07685039 0.07076886 0.06662831 0.0578596  0.05125628
  0.04157853 0.03368012 0.02560545 0.01767606 0.01523135 0.01414151
  0.1       ]]

2023-03-22 12:17 - DEBUG - TrainingManager : 134 - 8: logL = -65480.0
2023-03-22 12:17 - INFO - TrainingManager : 151 -  >> Log-likelihood of converged model with k=10: -6.548e+04
2023-03-22 12:17 - INFO - cli : 125 - Training phase done in 00:00:07
2023-03-22 12:17 - INFO - cli : 155 - Process done in 00:00:07
2023-03-22 12:17 - INFO - cli : 156 - Output written to  -> diffbins/5
