2023-03-22 12:42 - INFO - cli : 40 - Summarizing job ... 

       Input files:
              probing: data/Manfredonia_2020/XML/invivo.shape
              fasta: data/Manfredonia_2020/XML/invivo.fa

       Configuration parameters:
              log: False
              training: True
              scoring: False
              k: 7
              DOM: True

       Using 2 parallel processes

2023-03-22 12:42 - DEBUG - cli : 41 - Summarizing configuration:
=========================================================
Running patteRNA with the following parameters:
=========================================================
Input files:
	probing: data/Manfredonia_2020/XML/invivo.shape
	fasta: data/Manfredonia_2020/XML/invivo.fa

Configuration parameters:
	output: diffbins/7
	verbose: True
	log: False
	no_vienna: False
	GMM: False
	k: 7
	KL_div: 0.001
	epsilon: 0.01
	maxiter: 250
	n_tasks: 2
	motif: None
	path: None
	hairpins: False
	posteriors: False
	viterbi: False
	HDSL: False
	SPP: False
	nan: False
	print_nan: False
	no_prompt: False
	min_cscores: 1000
	no_cscores: False
	batch_size: 100
	context: 40
	training: True
	scoring: False
	reference: False
	hdsl_params: (1.2, 0.5)
=========================================================
2023-03-22 12:42 - INFO - cli : 50 - Loading input data
2023-03-22 12:42 - INFO - cli : 66 -  ... done in 00:00:00
2023-03-22 12:42 - INFO - cli : 104 - Spawning training set
2023-03-22 12:42 - INFO - Dataset : 102 -  ... sorting
2023-03-22 12:42 - INFO - Dataset : 105 -  ... selecting
2023-03-22 12:42 - INFO - cli : 107 -  ... done in 00:00:00
2023-03-22 12:42 - INFO - cli : 109 - Training set summary: 
       Passed QC                  1
       Used transcripts           1
       # Data points (in DOM)     29607
       KL div                     0
2023-03-22 12:42 - INFO - TrainingManager : 104 - Training with k=12
2023-03-22 12:42 - DEBUG - TrainingManager : 113 - (k=12) EM iteration #1
2023-03-22 12:42 - DEBUG - TrainingManager : 133 - Current model parameters
pi:
[0.5 0.5]
A:
[[0.72 0.28]
 [0.28 0.72]]
chi:
[[0.12122431 0.02423839 0.02635222 0.02702299 0.03132057 0.03338395
  0.03655172 0.03916235 0.03981967 0.04423997 0.04695102 0.04911658
  0.05056038 0.33005589 0.1       ]
 [0.32869263 0.05289871 0.04817387 0.04537687 0.04412175 0.04139187
  0.03980706 0.03640892 0.03283538 0.03170072 0.0288707  0.02579567
  0.02380633 0.12011953 0.1       ]]

2023-03-22 12:42 - DEBUG - TrainingManager : 134 - 0: logL = -81454.7
2023-03-22 12:42 - DEBUG - TrainingManager : 113 - (k=12) EM iteration #2
2023-03-22 12:42 - DEBUG - TrainingManager : 133 - Current model parameters
pi:
[0.5 0.5]
A:
[[0.75 0.25]
 [0.25 0.75]]
chi:
[[0.08785114 0.01997639 0.02346009 0.02357939 0.02925656 0.03187147
  0.03568649 0.03969958 0.04073386 0.04606417 0.04987138 0.05293418
  0.05415161 0.36486371 0.1       ]
 [0.36167959 0.05710859 0.05102757 0.04878457 0.0461619  0.04288865
  0.04066502 0.03587715 0.03193345 0.02989917 0.02598403 0.02202172
  0.02026239 0.08570619 0.1       ]]

2023-03-22 12:42 - DEBUG - TrainingManager : 134 - 1: logL = -70414.6
2023-03-22 12:42 - DEBUG - TrainingManager : 113 - (k=12) EM iteration #3
2023-03-22 12:42 - DEBUG - TrainingManager : 133 - Current model parameters
pi:
[0.5 0.5]
A:
[[0.79 0.21]
 [0.21 0.79]]
chi:
[[0.05688302 0.01560034 0.02045896 0.01984032 0.02694816 0.03015112
  0.03471137 0.04030188 0.04176604 0.04808104 0.05315802 0.05700955
  0.05787972 0.39721045 0.1       ]
 [0.39158998 0.06133958 0.05392328 0.05241812 0.04840136 0.0445621
  0.04161713 0.03529117 0.0309356  0.02794647 0.02279504 0.01807107
  0.01666422 0.05444487 0.1       ]]

2023-03-22 12:42 - DEBUG - TrainingManager : 134 - 2: logL = -69669.0
2023-03-22 12:42 - DEBUG - TrainingManager : 113 - (k=12) EM iteration #4
2023-03-22 12:42 - DEBUG - TrainingManager : 133 - Current model parameters
pi:
[0.5 0.5]
A:
[[0.82 0.18]
 [0.17 0.83]]
chi:
[[0.03588738 0.01228451 0.0182338  0.01682609 0.02504602 0.02871244
  0.03391007 0.04075865 0.04259989 0.04966097 0.05590619 0.06022195
  0.06068288 0.41926916 0.1       ]
 [0.4110691  0.06444095 0.05599478 0.05526905 0.05019731 0.04592683
  0.04238118 0.03485941 0.03015332 0.0264629  0.02019808 0.01504755
  0.01405133 0.03394822 0.1       ]]

2023-03-22 12:42 - DEBUG - TrainingManager : 134 - 3: logL = -68866.0
2023-03-22 12:42 - DEBUG - TrainingManager : 113 - (k=12) EM iteration #5
2023-03-22 12:42 - DEBUG - TrainingManager : 133 - Current model parameters
pi:
[0.5 0.5]
A:
[[0.84 0.16]
 [0.15 0.85]]
chi:
[[0.02496614 0.01048663 0.01717783 0.01510777 0.02398308 0.02790194
  0.03348167 0.04094383 0.043021   0.05041913 0.05748667 0.06199909
  0.06209759 0.43092763 0.1       ]
 [0.42063498 0.06604424 0.05691528 0.05683528 0.05116209 0.04666832
  0.04277498 0.03469584 0.02977847 0.02579037 0.01875853 0.0134438
  0.01280634 0.02369148 0.1       ]]

2023-03-22 12:42 - DEBUG - TrainingManager : 134 - 4: logL = -68381.7
2023-03-22 12:42 - DEBUG - TrainingManager : 113 - (k=12) EM iteration #6
2023-03-22 12:42 - DEBUG - TrainingManager : 133 - Current model parameters
pi:
[0.5 0.5]
A:
[[0.85 0.15]
 [0.15 0.85]]
chi:
[[0.0196685  0.00970729 0.01687965 0.0143395  0.02354458 0.02756866
  0.0333259  0.0409489  0.04313675 0.05060562 0.05815513 0.06275484
  0.06259273 0.43677196 0.1       ]
 [0.42487654 0.06667435 0.05711364 0.05748658 0.05152606 0.04694932
  0.04290511 0.03470535 0.02969643 0.02566581 0.01819743 0.01282046
  0.01243838 0.01894456 0.1       ]]

2023-03-22 12:42 - DEBUG - TrainingManager : 134 - 5: logL = -68220.0
2023-03-22 12:42 - DEBUG - TrainingManager : 113 - (k=12) EM iteration #7
2023-03-22 12:42 - DEBUG - TrainingManager : 133 - Current model parameters
pi:
[0.5 0.5]
A:
[[0.85 0.15]
 [0.15 0.85]]
chi:
[[0.01680256 0.00938341 0.01685719 0.01401431 0.02337282 0.02744248
  0.03327572 0.04089206 0.0431222  0.05057366 0.05838971 0.06304643
  0.062719   0.44010844 0.1       ]
 [0.42686601 0.06687741 0.05705706 0.05771783 0.05163809 0.04703391
  0.0429351  0.03477262 0.0297367  0.02574536 0.01804782 0.012635
  0.01241362 0.01652346 0.1       ]]

2023-03-22 12:42 - DEBUG - TrainingManager : 134 - 6: logL = -68181.1
2023-03-22 12:42 - DEBUG - TrainingManager : 113 - (k=12) EM iteration #8
2023-03-22 12:42 - DEBUG - TrainingManager : 133 - Current model parameters
pi:
[0.5 0.5]
A:
[[0.85 0.15]
 [0.15 0.85]]
chi:
[[0.0149686  0.0092233  0.01687948 0.01385211 0.02327801 0.02737779
  0.03324568 0.04082773 0.04307073 0.05049864 0.05846678 0.06317492
  0.06275028 0.44238596 0.1       ]
 [0.42792081 0.06693157 0.05696524 0.05779812 0.05168026 0.04706216
  0.04294724 0.03484547 0.02980984 0.02586124 0.0180439  0.01259901
  0.01247136 0.01506379 0.1       ]]

2023-03-22 12:42 - DEBUG - TrainingManager : 134 - 7: logL = -68169.9
2023-03-22 12:42 - DEBUG - TrainingManager : 113 - (k=12) EM iteration #9
2023-03-22 12:42 - DEBUG - TrainingManager : 133 - Current model parameters
pi:
[0.5 0.5]
A:
[[0.85 0.15]
 [0.15 0.85]]
chi:
[[0.01362465 0.00911394 0.01687794 0.01374201 0.02319539 0.02732373
  0.03320978 0.04077098 0.04301566 0.05043521 0.05849728 0.06325699
  0.06277799 0.44415844 0.1       ]
 [0.4285513  0.06694414 0.0569023  0.05783352 0.05171417 0.04708257
  0.04296621 0.03490973 0.02988417 0.02596191 0.01807949 0.01260126
  0.01252548 0.01404376 0.1       ]]

2023-03-22 12:42 - DEBUG - TrainingManager : 134 - 8: logL = -68164.5
2023-03-22 12:42 - INFO - TrainingManager : 151 -  >> Log-likelihood of converged model with k=12: -6.816e+04
2023-03-22 12:42 - INFO - cli : 125 - Training phase done in 00:00:06
2023-03-22 12:42 - INFO - cli : 155 - Process done in 00:00:06
2023-03-22 12:42 - INFO - cli : 156 - Output written to  -> diffbins/7
